
  .   ____          _            __ _ _
 /\\ / ___'_ __ _ _(_)_ __  __ _ \ \ \ \
( ( )\___ | '_ | '_| | '_ \/ _` | \ \ \ \
 \\/  ___)| |_)| | | | | || (_| |  ) ) ) )
  '  |____| .__|_| |_|_| |_\__, | / / / /
 =========|_|==============|___/=/_/_/_/
 :: Spring Boot ::        (v1.5.6.RELEASE)

2017-09-02 18:00:57.280  INFO 26051 --- [           main] c.r.e.m.h.HeaderFooterApplication        : Starting HeaderFooterApplication v0.0.1-SNAPSHOT on Andreass-MacBook-Pro.local with PID 26051 (/Users/andreaskluth/solutions/integration-patterns/header-footer/target/header-footer-0.0.1-SNAPSHOT.jar started by andreaskluth in /Users/andreaskluth/solutions/integration-patterns)
2017-09-02 18:00:57.286  INFO 26051 --- [           main] c.r.e.m.h.HeaderFooterApplication        : No active profile set, falling back to default profiles: default
2017-09-02 18:00:57.707  INFO 26051 --- [           main] ationConfigEmbeddedWebApplicationContext : Refreshing org.springframework.boot.context.embedded.AnnotationConfigEmbeddedWebApplicationContext@bebdb06: startup date [Sat Sep 02 18:00:57 CEST 2017]; root of context hierarchy
2017-09-02 18:00:59.272  INFO 26051 --- [           main] s.b.c.e.t.TomcatEmbeddedServletContainer : Tomcat initialized with port(s): 8081 (http)
2017-09-02 18:00:59.289  INFO 26051 --- [           main] o.apache.catalina.core.StandardService   : Starting service [Tomcat]
2017-09-02 18:00:59.290  INFO 26051 --- [           main] org.apache.catalina.core.StandardEngine  : Starting Servlet Engine: Apache Tomcat/8.5.16
2017-09-02 18:00:59.413  INFO 26051 --- [ost-startStop-1] o.a.c.c.C.[Tomcat].[localhost].[/]       : Initializing Spring embedded WebApplicationContext
2017-09-02 18:00:59.413  INFO 26051 --- [ost-startStop-1] o.s.web.context.ContextLoader            : Root WebApplicationContext: initialization completed in 1711 ms
2017-09-02 18:00:59.611  INFO 26051 --- [ost-startStop-1] o.s.b.w.servlet.ServletRegistrationBean  : Mapping servlet: 'dispatcherServlet' to [/]
2017-09-02 18:00:59.617  INFO 26051 --- [ost-startStop-1] o.s.b.w.servlet.FilterRegistrationBean   : Mapping filter: 'characterEncodingFilter' to: [/*]
2017-09-02 18:00:59.618  INFO 26051 --- [ost-startStop-1] o.s.b.w.servlet.FilterRegistrationBean   : Mapping filter: 'hiddenHttpMethodFilter' to: [/*]
2017-09-02 18:00:59.618  INFO 26051 --- [ost-startStop-1] o.s.b.w.servlet.FilterRegistrationBean   : Mapping filter: 'httpPutFormContentFilter' to: [/*]
2017-09-02 18:00:59.618  INFO 26051 --- [ost-startStop-1] o.s.b.w.servlet.FilterRegistrationBean   : Mapping filter: 'requestContextFilter' to: [/*]
2017-09-02 18:00:59.987  INFO 26051 --- [           main] s.w.s.m.m.a.RequestMappingHandlerAdapter : Looking for @ControllerAdvice: org.springframework.boot.context.embedded.AnnotationConfigEmbeddedWebApplicationContext@bebdb06: startup date [Sat Sep 02 18:00:57 CEST 2017]; root of context hierarchy
2017-09-02 18:01:00.107  INFO 26051 --- [           main] s.w.s.m.m.a.RequestMappingHandlerMapping : Mapped "{[/footer],methods=[GET]}" onto public java.lang.String com.rewedigital.examples.msintegration.headerfooter.WebController.footer(javax.servlet.http.HttpServletResponse)
2017-09-02 18:01:00.108  INFO 26051 --- [           main] s.w.s.m.m.a.RequestMappingHandlerMapping : Mapped "{[/header],methods=[GET]}" onto public java.lang.String com.rewedigital.examples.msintegration.headerfooter.WebController.header()
2017-09-02 18:01:00.110  INFO 26051 --- [           main] s.w.s.m.m.a.RequestMappingHandlerMapping : Mapped "{[/error]}" onto public org.springframework.http.ResponseEntity<java.util.Map<java.lang.String, java.lang.Object>> org.springframework.boot.autoconfigure.web.BasicErrorController.error(javax.servlet.http.HttpServletRequest)
2017-09-02 18:01:00.111  INFO 26051 --- [           main] s.w.s.m.m.a.RequestMappingHandlerMapping : Mapped "{[/error],produces=[text/html]}" onto public org.springframework.web.servlet.ModelAndView org.springframework.boot.autoconfigure.web.BasicErrorController.errorHtml(javax.servlet.http.HttpServletRequest,javax.servlet.http.HttpServletResponse)
2017-09-02 18:01:00.145  INFO 26051 --- [           main] o.s.w.s.handler.SimpleUrlHandlerMapping  : Mapped URL path [/webjars/**] onto handler of type [class org.springframework.web.servlet.resource.ResourceHttpRequestHandler]
2017-09-02 18:01:00.145  INFO 26051 --- [           main] o.s.w.s.handler.SimpleUrlHandlerMapping  : Mapped URL path [/**] onto handler of type [class org.springframework.web.servlet.resource.ResourceHttpRequestHandler]
2017-09-02 18:01:00.203  INFO 26051 --- [           main] o.s.w.s.handler.SimpleUrlHandlerMapping  : Mapped URL path [/**/favicon.ico] onto handler of type [class org.springframework.web.servlet.resource.ResourceHttpRequestHandler]
2017-09-02 18:01:00.256  WARN 26051 --- [           main] org.thymeleaf.templatemode.TemplateMode  : [THYMELEAF][main] Template Mode 'HTML5' is deprecated. Using Template Mode 'HTML' instead.
2017-09-02 18:01:00.706  INFO 26051 --- [           main] o.s.j.e.a.AnnotationMBeanExporter        : Registering beans for JMX exposure on startup
2017-09-02 18:01:00.779  INFO 26051 --- [           main] s.b.c.e.t.TomcatEmbeddedServletContainer : Tomcat started on port(s): 8081 (http)
2017-09-02 18:01:00.786  INFO 26051 --- [           main] c.r.e.m.h.HeaderFooterApplication        : Started HeaderFooterApplication in 4.202 seconds (JVM running for 4.77)
2017-09-02 18:01:13.950  INFO 26051 --- [       Thread-3] ationConfigEmbeddedWebApplicationContext : Closing org.springframework.boot.context.embedded.AnnotationConfigEmbeddedWebApplicationContext@bebdb06: startup date [Sat Sep 02 18:00:57 CEST 2017]; root of context hierarchy
2017-09-02 18:01:13.951  INFO 26051 --- [       Thread-3] o.s.j.e.a.AnnotationMBeanExporter        : Unregistering JMX-exposed beans on shutdown
